[debug] [2026-03-17T12:38:51.394Z] ----------------------------------------------------------------------
[debug] [2026-03-17T12:38:51.422Z] Command:       /home/oi2/.nvm/versions/node/v22.22.1/bin/node /home/oi2/.nvm/versions/node/v22.22.1/bin/firebase init
[debug] [2026-03-17T12:38:51.423Z] CLI Version:   15.10.1
[debug] [2026-03-17T12:38:51.424Z] Platform:      linux
[debug] [2026-03-17T12:38:51.424Z] Node Version:  v22.22.1
[debug] [2026-03-17T12:38:51.424Z] Time:          Tue Mar 17 2026 21:38:51 GMT+0900 (Japan Standard Time)
[debug] [2026-03-17T12:38:51.425Z] ----------------------------------------------------------------------
[debug] 
[info] 
     ######## #### ########  ######## ########     ###     ######  ########
     ##        ##  ##     ## ##       ##     ##  ##   ##  ##       ##
     ######    ##  ########  ######   ########  #########  ######  ######
     ##        ##  ##    ##  ##       ##     ## ##     ##       ## ##
     ##       #### ##     ## ######## ########  ##     ##  ######  ########

You're about to initialize a Firebase project in this directory:

  /home/oi2/Action/Action

Before we get started, keep in mind:

  * You are initializing within an existing Firebase project directory

[info] 
=== Project Setup
[info] 
[info] First, let's associate this project directory with a Firebase project.
[info] You can create multiple project aliases by running firebase use --add, 
[info] 
[debug] [2026-03-17T12:42:49.997Z] > command requires scopes: ["email","openid","https://www.googleapis.com/auth/cloudplatformprojects.readonly","https://www.googleapis.com/auth/firebase","https://www.googleapis.com/auth/cloud-platform"]
[debug] [2026-03-17T12:42:50.133Z] > authorizing via signed-in user (koki20041103@gmail.com)
[debug] [2026-03-17T12:42:50.300Z] Checked if tokens are valid: true, expires at: 1773754555883
[debug] [2026-03-17T12:42:50.305Z] Checked if tokens are valid: true, expires at: 1773754555883
[debug] [2026-03-17T12:42:50.387Z] >>> [apiv2][query] GET https://firebase.googleapis.com/v1beta1/projects pageSize=100
[debug] [2026-03-17T12:42:52.160Z] <<< [apiv2][status] GET https://firebase.googleapis.com/v1beta1/projects 200
[debug] [2026-03-17T12:42:52.161Z] <<< [apiv2][body] GET https://firebase.googleapis.com/v1beta1/projects [omitted]
[info] 
=== Firestore Setup
[info] i  firestore: ensuring required API firestore.googleapis.com is enabled... 
[debug] [2026-03-17T12:42:53.848Z] Checked if tokens are valid: true, expires at: 1773754555883
[debug] [2026-03-17T12:42:53.849Z] Checked if tokens are valid: true, expires at: 1773754555883
[debug] [2026-03-17T12:42:53.850Z] >>> [apiv2][query] GET https://serviceusage.googleapis.com/v1/projects/action-490203/services/firestore.googleapis.com [none]
[debug] [2026-03-17T12:42:53.850Z] >>> [apiv2][(partial)header] GET https://serviceusage.googleapis.com/v1/projects/action-490203/services/firestore.googleapis.com  x-goog-user-project=action-490203
[debug] [2026-03-17T12:42:55.060Z] <<< [apiv2][status] GET https://serviceusage.googleapis.com/v1/projects/action-490203/services/firestore.googleapis.com 200
[debug] [2026-03-17T12:42:55.060Z] <<< [apiv2][body] GET https://serviceusage.googleapis.com/v1/projects/action-490203/services/firestore.googleapis.com [omitted]
[info] ✔  firestore: required API firestore.googleapis.com is enabled 
[debug] [2026-03-17T12:42:55.078Z] Checked if tokens are valid: true, expires at: 1773754555883
[debug] [2026-03-17T12:42:55.078Z] Checked if tokens are valid: true, expires at: 1773754555883
[debug] [2026-03-17T12:42:55.079Z] >>> [apiv2][query] GET https://firestore.googleapis.com/v1/projects/action-490203/databases [none]
[debug] [2026-03-17T12:42:55.637Z] <<< [apiv2][status] GET https://firestore.googleapis.com/v1/projects/action-490203/databases 200
[debug] [2026-03-17T12:42:55.638Z] <<< [apiv2][body] GET https://firestore.googleapis.com/v1/projects/action-490203/databases {"databases":[{"name":"projects/action-490203/databases/(default)","uid":"a6906097-66c8-4875-b879-65a5bcb229e1","createTime":"2026-03-17T12:29:06.860901Z","updateTime":"2026-03-17T12:29:06.860901Z","locationId":"asia-northeast1","type":"FIRESTORE_NATIVE","concurrencyMode":"PESSIMISTIC","versionRetentionPeriod":"3600s","earliestVersionTime":"2026-03-17T12:29:06.860901Z","appEngineIntegrationMode":"DISABLED","keyPrefix":"b","pointInTimeRecoveryEnablement":"POINT_IN_TIME_RECOVERY_DISABLED","deleteProtectionState":"DELETE_PROTECTION_DISABLED","databaseEdition":"STANDARD","freeTier":true,"realtimeUpdatesMode":"REALTIME_UPDATES_MODE_ENABLED","etag":"IJWLheX6ppMDMKvP69r3ppMD"}]}
[info] 
[info] Firestore Security Rules allow you to define how and when to allow
[info] requests. You can keep these rules in your project directory
[info] and publish them with firebase deploy.
[info] 
[debug] [2026-03-17T12:43:53.074Z] Checked if tokens are valid: true, expires at: 1773754555883
[debug] [2026-03-17T12:43:53.095Z] Checked if tokens are valid: true, expires at: 1773754555883
[debug] [2026-03-17T12:43:53.103Z] >>> [apiv2][query] GET https://firebaserules.googleapis.com/v1/projects/action-490203/releases pageSize=10&pageToken=
[debug] [2026-03-17T12:43:54.510Z] <<< [apiv2][status] GET https://firebaserules.googleapis.com/v1/projects/action-490203/releases 200
[debug] [2026-03-17T12:43:54.510Z] <<< [apiv2][body] GET https://firebaserules.googleapis.com/v1/projects/action-490203/releases {}
[info] 
[info] Firestore indexes allow you to perform complex queries while
[info] maintaining performance that scales with the size of the result
[info] set. You can keep index definitions in your project directory
[info] and publish them with firebase deploy.
[info] 
[debug] [2026-03-17T12:44:01.096Z] Checked if tokens are valid: true, expires at: 1773754555883
[debug] [2026-03-17T12:44:01.097Z] Checked if tokens are valid: true, expires at: 1773754555883
[debug] [2026-03-17T12:44:01.101Z] Checked if tokens are valid: true, expires at: 1773754555883
[debug] [2026-03-17T12:44:01.101Z] Checked if tokens are valid: true, expires at: 1773754555883
[debug] [2026-03-17T12:44:01.103Z] >>> [apiv2][query] GET https://firestore.googleapis.com/v1/projects/action-490203/databases/(default)/collectionGroups/-/indexes [none]
[debug] [2026-03-17T12:44:01.112Z] >>> [apiv2][query] GET https://firestore.googleapis.com/v1/projects/action-490203/databases/(default)/collectionGroups/-/fields?filter=indexConfig.usesAncestorConfig=false OR ttlConfig:* [none]
[debug] [2026-03-17T12:44:01.315Z] <<< [apiv2][status] GET https://firestore.googleapis.com/v1/projects/action-490203/databases/(default)/collectionGroups/-/indexes 200
[debug] [2026-03-17T12:44:01.316Z] <<< [apiv2][body] GET https://firestore.googleapis.com/v1/projects/action-490203/databases/(default)/collectionGroups/-/indexes {}
[debug] [2026-03-17T12:44:01.540Z] <<< [apiv2][status] GET https://firestore.googleapis.com/v1/projects/action-490203/databases/(default)/collectionGroups/-/fields?filter=indexConfig.usesAncestorConfig=false OR ttlConfig:* 200
[debug] [2026-03-17T12:44:01.541Z] <<< [apiv2][body] GET https://firestore.googleapis.com/v1/projects/action-490203/databases/(default)/collectionGroups/-/fields?filter=indexConfig.usesAncestorConfig=false OR ttlConfig:* {"fields":[{"name":"projects/action-490203/databases/(default)/collectionGroups/__default__/fields/*","indexConfig":{"indexes":[{"queryScope":"COLLECTION","fields":[{"fieldPath":"*","order":"ASCENDING"}],"state":"READY"},{"queryScope":"COLLECTION","fields":[{"fieldPath":"*","order":"DESCENDING"}],"state":"READY"},{"queryScope":"COLLECTION","fields":[{"fieldPath":"*","arrayConfig":"CONTAINS"}],"state":"READY"}]}}]}
[info] i  Downloaded the existing Firestore indexes from the Firebase console 
[info] ✔  Wrote firestore.rules 
[info] ✔  Wrote firestore.indexes.json 
[info] 
=== Hosting Setup
[debug] [2026-03-17T12:44:15.285Z] Checked if tokens are valid: true, expires at: 1773754555883
[debug] [2026-03-17T12:44:15.286Z] Checked if tokens are valid: true, expires at: 1773754555883
[debug] [2026-03-17T12:44:15.289Z] >>> [apiv2][query] GET https://firebase.googleapis.com/v1beta1/projects/action-490203 [none]
[debug] [2026-03-17T12:44:15.722Z] <<< [apiv2][status] GET https://firebase.googleapis.com/v1beta1/projects/action-490203 200
[debug] [2026-03-17T12:44:15.723Z] <<< [apiv2][body] GET https://firebase.googleapis.com/v1beta1/projects/action-490203 {"projectId":"action-490203","projectNumber":"301828560850","displayName":"Action","name":"projects/action-490203","resources":{"hostingSite":"action-490203","realtimeDatabaseInstance":"action-490203-default-rtdb"},"state":"ACTIVE","etag":"1_33923953-83e0-415b-bab5-bcf07a68614f"}
[info] 
[info] Your public directory is the folder (relative to your project directory) that
[info] will contain Hosting assets to be uploaded with firebase deploy. If you
[info] have a build process for your assets, use your build's output directory.
[info] 
[debug] [2026-03-17T12:55:28.875Z] ExitPromptError: User force closed the prompt with SIGINT
    at Interface.sigint (/home/oi2/.nvm/versions/node/v22.22.1/lib/node_modules/firebase-tools/node_modules/@inquirer/core/dist/commonjs/lib/create-prompt.js:101:37)
    at Interface.emit (node:events:519:28)
    at [_ttyWrite] [as _ttyWrite] (node:internal/readline/interface:1144:18)
    at ReadStream.onkeypress (node:internal/readline/interface:271:20)
    at ReadStream.emit (node:events:531:35)
    at emitKeys (node:internal/readline/utils:370:14)
    at emitKeys.next (<anonymous>)
    at ReadStream.onData (node:internal/readline/emitKeypressEvents:64:36)
    at ReadStream.emit (node:events:519:28)
    at addChunk (node:internal/streams/readable:561:12)
[error] 
[error] Error: An unexpected error has occurred.
